0 1551283594.489335 -0.578815464508331 0.2698426733388138 0.10008042015993857 -0.09348038358655933 -2.3742774143032523 1.976701005938799
1 1551283596.7889032 -0.5608325030100443 0.2701795743734504 0.10011296350697434 -0.16886972193323244 -2.338694470461927 1.9488833906907863
2 1551283599.0791686 -0.5390933464916693 0.2701491674982249 0.100221374202693 -0.2554561286400367 -2.2930164090447427 1.9156351542314798
3 1551283601.4029047 -0.5184693434751333 0.2700748963362519 0.10007493260091016 -0.3318269526244616 -2.2490712263792143 1.8853988074084718
4 1551283603.7004864 -0.4966291667506004 0.2699724292789526 0.0999219454769974 -0.40664031800105427 -2.2022052768463176 1.8543564962461276
5 1551283605.9704874 -0.4738777851171867 0.26995545855654723 0.09990495253126162 -0.4778401698839271 -2.153382722864699 1.8223798458573612
6 1551283608.208675 -0.45435678409791774 0.2702998885517459 0.1002241651708539 -0.5329531552457116 -2.1119227138449124 1.7951144006936255
7 1551283610.4989934 -0.4321519312873517 0.2700938422806948 0.09995986539409574 -0.5899173895566968 -2.0672473457766416 1.7676107929142186
8 1551283612.8011267 -0.40934707685077326 0.26762810900093975 0.09979521943168497 -0.6461687626221263 -2.02136954655259 1.7376295428943407
9 1551283615.0889268 -0.38750822943888347 0.2603486313507845 0.09987948293825313 -0.7031453394279148 -1.974465091105941 1.7027409171281338
10 1551283617.3846834 -0.36821802050481284 0.24850891505826658 0.09988445171995677 -0.7593653018044703 -1.927902212165165 1.6653634014678973
11 1551283619.689175 -0.35227519783561456 0.232790025524432 0.09990356137707943 -0.8140524890827089 -1.8822409766787016 1.6259556430833901
12 1551283622.003162 -0.340483932090794 0.21439175821953796 0.10016341561180146 -0.8660573653647708 -1.837931209480905 1.5848671660581308
13 1551283624.3863127 -0.333604109790968 0.19547223154407498 0.0999635831938331 -0.9119553675131953 -1.8001441166878567 1.5486871282349695
14 1551283626.7909844 -0.3302625484581567 0.1727468604530768 0.09989235492476184 -0.9621499147957209 -1.7587008468350123 1.5059688116265504
15 1551283629.2316344 -0.32997828446575683 0.1527409461579502 0.09994508382410217 -1.0050200179069184 -1.7226398512970424 1.4677157616728171
16 1551283631.6950727 -0.33004649269503045 0.12969183580356655 0.10003388085218567 -1.0556939501305782 -1.6775828338852021 1.4209077420307692
17 1551283634.1746683 -0.33007692968666114 0.11117571895188 0.10003818471198299 -1.0975105544912713 -1.6378927918045818 1.3815694200041064
18 1551283636.6328478 -0.33000819870116305 0.08766337200744478 0.09996571501555589 -1.1509318336977508 -1.5840085369153996 1.329691708751504
19 1551283639.1468663 -0.33011081905842693 0.06667987452018681 0.10004567211546984 -1.198953484324479 -1.5306850886825154 1.2803972700387218
20 1551283641.636643 -0.330018627269734 0.04460190817735892 0.0999627715658616 -1.2483917443061818 -1.4721226015417517 1.2277843075701036
21 1551283644.1528356 -0.33006022220103204 0.023766366391660965 0.0999994763008202 -1.2939212348535656 -1.4124995902129216 1.1760284725148318
22 1551283646.646803 -0.3301410334492572 0.0019812538119446527 0.10005711792283094 -1.3384362229274973 -1.3487482331104392 1.1222511684210632
23 1551283649.2059238 -0.33008270217345476 -0.01753457912319082 0.0999823565244654 -1.3762029308670194 -1.2899264493996714 1.0737335920394357
24 1551283651.7506096 -0.33006389852458795 -0.040854425832092395 0.09999356210244145 -1.4173674402612637 -1.2189785072898196 1.0162217718828557
25 1551283654.305696 -0.3301284264332538 -0.060640567109945254 0.09999750539009851 -1.4482790734247037 -1.159274457666752 0.9687479817021242
26 1551283656.8367202 -0.33011762208041795 -0.08107153464908343 0.09997822008360151 -1.4768447857856475 -1.0988502201261166 0.9211922754168936
27 1551283659.3746831 -0.3300542686543543 -0.10456567330853282 0.10000703406486447 -1.505360866572441 -1.0313479704881277 0.86864291246619
28 1551283661.888602 -0.3300434006947145 -0.12556546872737107 0.09997261557236675 -1.5268629495847206 -0.9740990952960238 0.8241084538525962
29 1551283664.4043071 -0.33008227319100103 -0.14647462044923934 0.09999417001856173 -1.5449109218569401 -0.9198010208521926 0.7821894745095034
30 1551283666.8991241 -0.3300562013345442 -0.168049565907801 0.0999862076087311 -1.5605615564926032 -0.8672654817560881 0.741556700411219
31 1551283669.3903909 -0.33238532142557425 -0.19067274184365884 0.09995870432789472 -1.576258625612942 -0.8122822142470546 0.697895848172654
32 1551283671.9461339 -0.338956322509753 -0.210270311595893 0.09999823640118617 -1.5910013175896034 -0.7614891663000113 0.6562698348468149
33 1551283674.412544 -0.35076866738511764 -0.23056801585881595 0.10002925793195308 -1.6082772932584286 -0.7032365869206071 0.6073512588462777
34 1551283676.8562639 -0.3651752139043943 -0.24547835793652187 0.1001313690385597 -1.6237094325046053 -0.6515698632800511 0.56303644574622
35 1551283679.260493 -0.38309440459942085 -0.2578327447165028 0.10014917000169807 -1.6397817125621637 -0.5982491030978866 0.5164443928387892
36 1551283681.592817 -0.40631960952899715 -0.2669816895929843 0.10014812773038691 -1.658118335099956 -0.5381512804897295 0.4632574461294064
37 1551283683.8866599 -0.4283544921882967 -0.26979821856113845 0.09990826511458069 -1.6745632653383133 -0.48728281803115775 0.4166202452420095
38 1551283686.1522148 -0.44851410216547527 -0.27010222947439955 0.10018770269768022 -1.6887763788732895 -0.4412603837469785 0.3764538372661436
39 1551283688.4501932 -0.4728125134999072 -0.27002984935101104 0.10000762570433813 -1.7054902109165795 -0.381466896970641 0.3229100826142639
40 1551283690.7806711 -0.49945990355462705 -0.270006243450908 0.10015312392948425 -1.7219631092868302 -0.3102186388975141 0.26154054311075897
41 1551283693.1020813 -0.5213254910207774 -0.26996237129565703 0.10237296811482352 -1.7418651293944631 -0.24843945461669437 0.2063785381221193
42 1551283695.3842268 -0.5395028615881462 -0.27005798290977423 0.10854827313004706 -1.7709806503891279 -0.19581680812885588 0.15945341697274787
43 1551283697.6545532 -0.5599034025366012 -0.26999060194442764 0.12022456090713231 -1.8186907224156101 -0.13426568557055804 0.10477872147820662
44 1551283699.906084 -0.5775862973469392 -0.2700269258218378 0.13712420060707453 -1.880880747077253 -0.07764251914051318 0.05639628079469721
45 1551283702.2224727 -0.5895848053353143 -0.26995689838206904 0.15569980211580736 -1.943713603544674 -0.037363215867266056 0.025315170547082044
46 1551283704.5544891 -0.5968936244380814 -0.27003485547530437 0.17599635737236402 -2.007523167543894 -0.011444859342815954 0.007156280569447446
47 1551283706.8762605 -0.5997793729507608 -0.2700038098850993 0.19765000405862249 -2.071168024636431 -0.0009795404631806328 0.0005300870907625827
48 1551283709.2041507 -0.6000447909342002 -0.27002629657083177 0.21826966215961993 -2.1279219222904833 -0.00013456903911321732 -5.606528814335618e-05
49 1551283711.497855 -0.6000447863756869 -0.26997512605641 0.24021307835194847 -2.1843736156044318 -2.336764534428556e-05 -0.00016622162708988648
50 1551283713.772014 -0.6000018377500088 -0.2700284530701239 0.2633555273747318 -2.2393661689302937 -6.811662650443684e-05 7.020432103740894e-05
51 1551283716.0417397 -0.6000799755933239 -0.2699676038572826 0.28621429701118795 -2.289393300419151 0.00012950231574373398 0.0001309241110336612
52 1551283718.3059487 -0.5999990886082074 -0.27000655270568463 0.3054153054785033 -2.328383549292622 -9.839372454677046e-05 -0.00012078867426020866
53 1551283720.5741222 -0.5999740369603594 -0.2699662716834581 0.3288151662905726 -2.3723208624516086 -6.553619765720007e-05 -0.00026249935719521375
54 1551283722.8558877 -0.6001069158629047 -0.26800739536164836 0.3477371822660436 -2.4084441151948734 -5.886128074560729e-05 -4.082196594726414e-05
55 1551283725.1959152 -0.6000267499388168 -0.26038397545849673 0.3725088264525937 -2.462240032802097 -3.495584056174395e-05 3.257826420955733e-05
56 1551283727.5975418 -0.6000235984274024 -0.2506293430394008 0.3886253446323623 -2.5043804673064067 -0.0006314172676304557 7.085328532066809e-05
57 1551283730.030203 -0.6000084244631234 -0.23573053852451034 0.4046871370012417 -2.554855034726206 -0.0008731938611866952 -0.000265534783827266
58 1551283732.5022519 -0.6000181381900751 -0.21571644016730357 0.4185486358902348 -2.6120607824995172 -0.0006379731087055936 -0.0002473566925281183
59 1551283735.0378895 -0.6000481068880184 -0.19555060987339862 0.4263281441389849 -2.6623590544503744 -0.0010453848789974973 -0.00024300582283134675
60 1551283737.6122558 -0.6000417133348936 -0.17207827464199738 0.42975013747884694 -2.7160183925243575 -0.0006248719680343783 -3.467965146158479e-05
61 1551283740.1539402 -0.6000662559222154 -0.1529523882698778 0.42992293404022075 -2.7589094359099904 -0.0008265787903736479 2.2597079451020942e-07
62 1551283742.7355216 -0.6000765085404126 -0.13185712041351882 0.4299318103505322 -2.807225996959064 -0.00034164610628016493 -8.77589677818517e-05
63 1551283745.3395674 -0.6001547990212781 -0.1146838852562368 0.4299372860670354 -2.8478001534822743 -0.0008026735637909753 3.3538460489723694e-06
64 1551283747.929609 -0.6000435178005135 -0.09426850309845551 0.4297304895532839 -2.8981112890481318 -0.0008507595714918997 -0.0006093143693613319
65 1551283750.4918375 -0.6001028727059493 -0.07284383450763883 0.4299118841271666 -2.9518125404394726 -0.0006656551536139088 5.633866948473559e-05
66 1551283753.0763862 -0.6000333600953386 -0.05223201303897214 0.4298734100257905 -3.004613633711535 -0.00035898705375381434 -0.000251058296353224
67 1551283755.5357058 -0.6000571092640664 -0.03433310719462346 0.42995989399445833 -3.0506187651002996 -0.0005132311253267593 8.951971611000363e-05
68 1551283758.0237138 -0.6000044798189988 -0.013903489313656023 0.4297294927444641 -3.1046426365861706 -0.00048732047641008593 -0.0009938923046909037
69 1551283763.3028996 -0.5973468138071627 0.011404963297982962 0.42850997146305675 -0.02580530137668812 -3.140542349405096 0.05454845097586498
70 1551283767.0143425 -0.603564395166638 0.027264279565308344 0.42794975459721596 0.00548371139466605 3.138675162331406 -0.11523768551817172
71 1551283769.970605 -0.6003794665819365 0.046676722340843094 0.4297471551883115 0.0032542765314629235 3.1352855793284062 -0.19368847068437806
72 1551283772.534254 -0.6000099974761818 0.06773502457935712 0.4299942509341489 -0.0011273361303260872 -3.1291878010150422 0.2773151282055694
73 1551283774.9178202 -0.6000485859474344 0.08691561945201158 0.42986162869869204 0.00104535596794347 3.121430312784188 -0.3525901526446375
74 1551283777.237561 -0.5999994407702285 0.10938507601075383 0.429884310164215 0.00036308162976428777 3.1106225316908516 -0.43860799443358156
75 1551283779.543411 -0.5999716824543299 0.12504927334122828 0.43005867268118714 -0.0008440306784784288 -3.101983458898386 0.49687349140911985
76 1551283781.8357515 -0.600011569124208 0.14588800221016843 0.4300223452554591 0.0004941652499264875 3.088984020272747 -0.5723405816874573
77 1551283784.1118078 -0.6000443722979368 0.16735902572442274 0.42997007117198627 9.618805320431099e-05 3.0741176179562983 -0.6471448871341675
78 1551283786.3880415 -0.5999521025231789 0.1910692937317165 0.42779410168292825 -0.0001786172326513637 -3.0556954454120056 0.7287270798208259
79 1551283788.7076151 -0.6000436732227828 0.21171207592944943 0.4206233136959743 7.078518257973615e-05 3.036217838245026 -0.8060868182010787
80 1551283791.0314372 -0.6000474878066749 0.2301081632187167 0.40953170541587575 1.7962264778367016e-05 3.014985947617763 -0.8822743091864557
81 1551283793.309406 -0.6000497595636538 0.24713430546625212 0.3933622770712123 -0.00016794796271655114 2.989844378588581 -0.9643127936861755
82 1551283795.5778253 -0.6000213123587569 0.2597923701012074 0.373745432152686 -2.143168530080916e-05 2.9635975413620135 -1.0421918808724828
83 1551283797.8112435 -0.600046039356362 0.26716258436925155 0.3537677004836741 0.00010011837073597118 -2.939133504186533 1.1086329559223014
84 1551283800.041295 -0.600012089465523 0.2697239070473741 0.33239925250406366 6.958891669503257e-05 2.915776837959851 -1.1686115939406119
85 1551283802.3192785 -0.5999263956657667 0.2700085563906805 0.30118702055924884 0.0002064412163743121 2.8800815719194186 -1.2542725585652357
86 1551283804.533606 -0.5976751717844965 0.27000606142779193 0.2792583646057341 -0.012278564973708455 -2.8480248378452893 1.3178873600824896
87 1551283806.7321644 -0.5906141445856171 0.27000992085433234 0.25791959653299945 -0.04884087920309978 -2.8042934167445033 1.3805579797269047
88 1551283808.9132571 -0.5783289725176641 0.2700232799960317 0.2378032261165832 -0.11010611164009414 -2.74933303622895 1.4386294245017788
89 1551283811.1673388 -0.5634202986181591 0.2700620232600364 0.2228806285629562 -0.18120312032814753 -2.691845901104588 1.4797119586715004
90 1551283813.4393528 -0.5438079963133373 0.26999833515535704 0.2101923719043497 -0.2699421653207266 -2.6236966677236566 1.5103466536536458
91 1551283815.7276657 -0.5258095054904719 0.27000924738343623 0.20358339995131675 -0.345882076075172 -2.569333593688356 1.5209682186004825
92 1551283818.0080602 -0.5024391704130822 0.2701320406901825 0.20041807134208484 -0.4386762921864985 -2.5063436583801986 1.5171361669597019
93 1551283820.2731771 -0.4777326698440427 0.2700216267088661 0.20004299273502735 -0.527950196861453 -2.446752484667655 1.504015937536787
94 1551283822.5390427 -0.4576211567379463 0.27028124531117903 0.20028024712998027 -0.5928771064878163 -2.3979118605240086 1.4933194156909233
95 1551283824.7971377 -0.4315152231787166 0.2700347300827699 0.20003148807263174 -0.6687374014179771 -2.3358513913173957 1.4813634102627662
96 1551283827.0510912 -0.41170250728006286 0.26812378926681424 0.20024541239049154 -0.7232441025294022 -2.2887189892599995 1.4688508431932978
97 1551283829.3058078 -0.38788573374087215 0.260650763629897 0.2001239123835259 -0.7931034244240219 -2.2306271677307707 1.4468716540425102
98 1551283831.577156 -0.3714533940305796 0.2506427570176411 0.20029984347883178 -0.8473965570745622 -2.1870843179277273 1.424099624824362
99 1551283833.9173384 -0.35248540760466385 0.23296565961743768 0.2001222557237047 -0.9206284601063163 -2.1306528343696556 1.3886371464266076
100 1551283836.3091974 -0.34206109633258375 0.21674221780659952 0.2002516238575946 -0.9744209516977836 -2.090662335471039 1.3579581659896207
101 1551283838.725256 -0.33387906714734883 0.1957728319821819 0.20015709064297416 -1.0358982514707114 -2.047585944429441 1.3197366455326323
102 1551283841.1794267 -0.33022424150554996 0.17145204584517107 0.19999408143216976 -1.1016975441849797 -2.0055387232399156 1.2747056735183935
103 1551283843.6390407 -0.33007519476689573 0.15183280116597317 0.19997793413245962 -1.1541022154112126 -1.972447838185327 1.236943267597598
104 1551283846.0953932 -0.3300432372635559 0.12894286732338234 0.20003023247572516 -1.2170277471241286 -1.9292960877262975 1.1912361109149585
105 1551283848.5666068 -0.33006469099413843 0.1097323517262307 0.1999736770616221 -1.2714494357897126 -1.887932378348649 1.1524207671735085
106 1551283851.0572374 -0.33007475397999786 0.08778943903499642 0.1999658295348995 -1.3338131625117142 -1.8360014699851916 1.1071614395632203
107 1551283853.537039 -0.3300497588064646 0.06566491179004999 0.19995828962559664 -1.3967904793897454 -1.7776863806504377 1.0610326411665036
108 1551283856.0060475 -0.3301074330675886 0.046746952279209913 0.1999793229904414 -1.4495785734924367 -1.7226696254614604 1.0217486698093574
109 1551283858.4593852 -0.3300634813236513 0.02351281893488716 0.20000610837496738 -1.5125116113348636 -1.6501569841938208 0.9732647208925588
110 1551283860.9009144 -0.33009802443758857 0.0036925290453997672 0.19997901297641762 -1.5627254578174592 -1.584185564425183 0.9329196365975037
111 1551283863.364706 -0.3300735017426145 -0.019118529558349043 0.20001294033013334 -1.6160245797501935 -1.505510640994986 0.887426374432704
112 1551283865.8068197 -0.3301159816969518 -0.03906984695973002 0.20002021116499022 -1.6574956101257232 -1.4349569663350115 0.849223078494254
113 1551283868.2528846 -0.33004779249264726 -0.062391066709779466 0.19999531436459714 -1.7001184387075776 -1.3524041784897947 0.8059982593370182
114 1551283870.698952 -0.3300080142045754 -0.08248465579081346 0.1999298882523347 -1.731104897039701 -1.281609104213268 0.7703886575781682
115 1551283873.1488173 -0.3300926658847505 -0.10198974153434412 0.19994967446199613 -1.756152065146801 -1.2141890571277885 0.7375805690104532
116 1551283875.6333582 -0.3301646683605286 -0.12416283672495723 0.20003208104960174 -1.779280511402043 -1.140443463377188 0.7022140923494639
117 1551283878.0948393 -0.3300403879683703 -0.14712053768074945 0.19993651293292986 -1.7980954216541498 -1.068412454167763 0.6673909513466326
118 1551283880.5788949 -0.3301488178425042 -0.16552255157078716 0.19994526562735854 -1.8088880935454574 -1.0130782354113659 0.6411539436050182
119 1551283883.0772777 -0.3322191768453946 -0.18822774876054854 0.19991132975462567 -1.8218560882804986 -0.9467882859655167 0.6076752260833109
120 1551283885.5747612 -0.3388650846208353 -0.20985764560461043 0.19996926652125832 -1.8373828002192998 -0.8807012715145807 0.570814646090531
121 1551283888.055332 -0.35039170523437163 -0.22995004125493984 0.20000897192912181 -1.8556231175283584 -0.8137669877956734 0.5302403871827602
122 1551283890.5054753 -0.3643779556046877 -0.24465421881539715 0.2002062370158617 -1.8732567484729363 -0.7555178184615691 0.49313367759512755
123 1551283892.9088876 -0.3854604270214819 -0.2594331437041846 0.19994203406520525 -1.8983696663126126 -0.6832190327787575 0.44334007503496764
124 1551283895.256382 -0.4045191696591569 -0.2664004934374277 0.19999914596381888 -1.9197255371748017 -0.6284238996797338 0.40488902224050854
125 1551283897.540753 -0.42723745239053523 -0.2697192917935695 0.20016964116849018 -1.9455673144342969 -0.5696647241587637 0.36294546191871835
126 1551283899.8266025 -0.40254652885187314 -0.26999249496193656 0.2000517985990646 -1.9158071996099801 -0.6252791181005772 0.4050381940902248
127 1551283902.0727065 -0.42200406648269445 -0.26999527757536634 0.20247973518738616 -1.9453517765640551 -0.583489409318788 0.36999744388856354
128 1551283904.3405855 -0.4412350502332115 -0.2700638220248015 0.20918763593926498 -1.984905035982489 -0.5401264182302994 0.33169813217271055
129 1551283906.636839 -0.46080809878239193 -0.26997227189661477 0.22088696774061478 -2.0368432644227905 -0.4939121481034123 0.28939236586139266
130 1551283908.9026313 -0.47786462784524886 -0.27001927044860097 0.23729527996785355 -2.0968516973986384 -0.4521539283690241 0.2486934050041926
131 1551283911.2008233 -0.48788867448221523 -0.2700116286136924 0.25287882426563035 -2.1436813323617634 -0.4274344890350725 0.22419134542046595
132 1551283913.5305903 -0.49726346684036876 -0.270011293582559 0.27692549118266857 -2.2073403837760184 -0.40584922306265797 0.19675500090438097
133 1551283915.8945482 -0.49983570763741075 -0.2699880419967028 0.29783417753736996 -2.2518780474719757 -0.4045214310030606 0.1859283544383005
134 1551283918.375084 -0.5000529664250518 -0.2700099794425514 0.3288163286464042 -2.3098190602253803 -0.4140516970238564 0.1756377973186817
135 1551283920.7867181 -0.4999874066062722 -0.2676363984208584 0.3509761587145032 -2.3508968688543463 -0.42502382535634514 0.16921835191835746
136 1551283923.2569194 -0.5001032847847053 -0.2610188627813038 0.37076106533635256 -2.3908714082037843 -0.44262432532870155 0.16563439713390457
137 1551283925.7666442 -0.5000149824712695 -0.24948599423025525 0.3902002903321331 -2.43501278045535 -0.4703508366366383 0.16305680771210737
138 1551283928.3487127 -0.5000518051967361 -0.23334947115104937 0.40696606510128436 -2.4793065837964794 -0.5091223722583936 0.16213445755378003
139 1551283930.8862345 -0.500082127788877 -0.21541929637744317 0.41856326172791536 -2.5169761521789202 -0.556514457731861 0.16303017974940306
140 1551283933.4424853 -0.5001128277842648 -0.1962977122384722 0.42586155987081037 -2.5479609745260636 -0.6132291194739854 0.16547638081415486
141 1551283935.9528365 -0.5000900812720751 -0.17140158793583274 0.4297154792408786 -2.5785498204400525 -0.6973741955108396 0.17096977822918188
142 1551283938.392201 -0.5001140013268248 -0.1513808235247424 0.42994513881738017 -2.593808115100289 -0.7800376675072848 0.17672118983695886
143 1551283940.7784839 -0.5000877183795884 -0.12975307929665988 0.4298102308319933 -2.6027951682443327 -0.8875150051395734 0.18268533729331562
144 1551283943.1743486 -0.5000089933516365 -0.10814711066097044 0.4299399493801201 -2.5980900166325815 -1.018356726328385 0.1901304311150452
145 1551283945.6428504 -0.5000447627392085 -0.08871572891437156 0.4299502688869671 -2.575527763279154 -1.1614625171117419 0.19798979398781272
146 1551283948.148229 -0.4999253973374864 -0.06699741533153031 0.4298541627351818 -2.5239341921293574 -1.3519270957600993 0.20822045289006838
147 1551283950.7265766 -0.49988096788831954 -0.044388904259436014 0.4299299615275764 -2.4280873848243445 -1.5818106596409391 0.22291978186059502
148 1551283953.3226562 -0.49967248231344574 -0.025737731840564503 0.4298501349473617 -2.305974033689678 -1.7939191760440996 0.2396831124328412
149 1551283955.9223554 -0.499571819338806 -0.003862150321589604 0.4298309328476693 -2.119092792694451 -2.0431821683497464 0.2657392984191879
150 1551283958.5482683 -0.49950720274981053 0.016877424126565396 0.4298372813563892 -1.9100042800450916 -2.2580812461496182 0.2986549326561813
151 1551283961.158322 -0.4996035517903784 0.037765320762875795 0.4298340096033463 -1.6890829286415023 -2.4376719560652886 0.33992375112136114
152 1551283963.7224896 -0.4998925752460105 0.05997831083912019 0.4299172782683036 -1.4665020838031835 -2.581155737478893 0.3905995561916901
153 1551283966.2442138 -0.500031348182934 0.08059751162713102 0.42963400287094355 -1.2848189944711639 -2.6755902102848705 0.4438157732686159
154 1551283968.8546479 -0.5001801715303937 0.10241793021979773 0.42984000584220694 -1.1199427925932837 -2.743511790432474 0.5031712136768698
155 1551283971.5346043 -0.5002248420371076 0.12504788154828428 0.4298013828944038 -0.9797193075106807 -2.789333486216463 0.5658682962400138
156 1551283974.2282114 -0.5002843996083919 0.14413130678746514 0.42963401346346414 -0.8830244971194399 -2.8132653170416524 0.6209990155270066
157 1551283976.9342551 -0.5002936864625364 0.1653825000207364 0.4297921227109611 -0.791473606331423 -2.829584755390574 0.680498935407128
158 1551283979.5742402 -0.4980045911396637 0.18911140415285607 0.429759694107062 -0.717931527354382 -2.833451663376358 0.7472035966030256
159 1551283982.0761495 -0.4916576379185639 0.2089775657868135 0.4297196847939545 -0.6892624003316903 -2.8201865723944177 0.8036221243185853
160 1551283984.4206858 -0.48021863079057037 0.2290502066823012 0.4297375195334013 -0.6868462281438412 -2.7927442870596577 0.8600699645299433
161 1551283986.6560347 -0.4633604030248821 0.24708844996702156 0.4298117885973149 -0.7103822635622383 -2.75249754739866 0.910681864865948
162 1551283988.902025 -0.44660824926537784 0.2582632727491223 0.43032138377508483 -0.7449378770368799 -2.7130836583868567 0.9420460026495094
163 1551283991.1290407 -0.4227306663604236 0.26737669595882796 0.43008353688285356 -0.8014728129190316 -2.6595045705265665 0.9724825998230412
164 1551283993.3380075 -0.40045876671078395 0.27000118474751195 0.4301473757461703 -0.8595920908727517 -2.60927527555965 0.9873775119486102
165 1551283995.6060662 -0.4264662348181714 0.2700471038298017 0.43007883124272306 -0.7826156255831447 -2.6690343339833063 0.9765028970639242
166 1551283997.8782058 -0.4088021962501668 0.26760137521052707 0.42999683698451285 -0.8420182519315588 -2.6277359534247533 0.9793828704861147
167 1551284000.2071373 -0.38806630687691523 0.2606663229474304 0.4298246164493874 -0.915600438983613 -2.577568094673348 0.9761940986371176
168 1551284002.579909 -0.37103165203316435 0.2503542915536509 0.4300142124477339 -0.9831081844462891 -2.5317939210627287 0.966218980772759
169 1551284004.9980237 -0.35454385747084655 0.23505330104483194 0.43000493280931107 -1.0596160834674195 -2.481572969840543 0.9484790688547146
170 1551284007.4606302 -0.3409123515301823 0.21490201787191546 0.4300595764439734 -1.141511608414572 -2.4299093422501405 0.9219956388428057
171 1551284009.9499722 -0.33409211028855423 0.19667516162632517 0.4298838209951321 -1.2064995843973811 -2.3913480713027075 0.8963077236190596
172 1551284012.4236188 -0.330398581684361 0.17298932493495864 0.42995534896048454 -1.2840103170141755 -2.3480580997099683 0.8586806941557292
173 1551284014.9042478 -0.3300518574183254 0.1523421416870043 0.429976908727526 -1.350794786549261 -2.3116157032043487 0.823911620904682
174 1551284017.3739355 -0.3301354121594524 0.1347774547093278 0.42984646430901796 -1.4088732058988405 -2.276834427422364 0.7954555240978101
175 1551284019.7980053 -0.33004982568460706 0.11190844956282811 0.42990196805591885 -1.4872487301905783 -2.2255018397018174 0.7575122266446038
176 1551284022.1958847 -0.33003808724738654 0.09172250099828612 0.42997423161066534 -1.5575709397702195 -2.173808991493101 0.7255832268809871
177 1551284024.5881753 -0.33000903907805434 0.07141419311344624 0.4299045139336642 -1.62903984045807 -2.115983360148982 0.6943704344473739
178 1551284026.9597075 -0.330051127795279 0.05445672486773051 0.4299142789688231 -1.6881921562493913 -2.062256056426992 0.6699751991782664
179 1551284029.253986 -0.3300339018379169 0.03404444901960392 0.4299517732440744 -1.757725944120127 -1.9934159158798854 0.6410454137001931
180 1551284031.6118367 -0.3300033402139004 0.011786506273216608 0.4299481600869147 -1.8308642111110693 -1.913043652481718 0.6112948717564518
181 1551284033.974906 -0.33000210872153474 -0.0058695400611137975 0.4299657896129048 -1.8854928198193264 -1.8450048873168006 0.5895667959309718
182 1551284036.3258379 -0.3299970414419123 -0.028172196833779736 0.4299872615388061 -1.9493559251581942 -1.7567415447250545 0.5633871077799592
183 1551284038.675861 -0.33001427719123194 -0.04645411869848713 0.4300268695986852 -1.9961111368285982 -1.6826883149765017 0.5439493810845181
184 1551284041.041806 -0.32997798645621046 -0.06811633593137664 0.42994838964526977 -2.0460506552026567 -1.5944697903964589 0.5217139211033319
185 1551284043.4189284 -0.32999363576676477 -0.08895363748271534 0.4299703645650681 -2.0869715942158673 -1.5096994844720184 0.5022476266123973
186 1551284045.753754 -0.3300314239757365 -0.10803927114674403 0.4300666675066175 -2.117737493955501 -1.4337789709871764 0.4859664954607148
187 1551284048.0677433 -0.3300396351425565 -0.12766366710082686 0.4299299090309259 -2.144488821217173 -1.358377288033184 0.46991460292255843
188 1551284050.4058158 -0.3300957826838345 -0.14603457095439754 0.43002530437492775 -2.163943550477513 -1.2901862975587466 0.4563010577440826
189 1551284052.7257318 -0.3300643543260317 -0.16542411340001575 0.4298975711020697 -2.1803255603404037 -1.2214352620662523 0.4420671382396633
190 1551284055.0697289 -0.33002952569974114 -0.18856694520421396 0.4300399694748288 -2.194106548810705 -1.1443113257273256 0.42702449435735146
191 1551284057.4416745 -0.3300595054926239 -0.20608021643708388 0.4299089282325314 -2.2004842644692757 -1.0893887354688472 0.4157251553407495
192 1551284059.8459053 -0.33009430316120575 -0.22643698459976494 0.4299211631881693 -2.204957203568946 -1.0286376039227911 0.40348225984298386
193 1551284062.2636957 -0.33009516055715094 -0.24616775188546883 0.4300232573092033 -2.2059627825166443 -0.974495841086085 0.3927860532353453
194 1551284064.6958833 -0.33015653713714954 -0.26511155971295697 0.42983963119022256 -2.2049418223508845 -0.9252256931853552 0.38185973155032366
